2024-06-04 15:44:42,012 ::DataConnectionModule-> root - INFO - Connection created
2024-06-04 15:44:45,934 ::DataConnectionModule-> root - INFO - <class 'pandas.core.frame.DataFrame'>
RangeIndex: 3599 entries, 0 to 3598
Data columns (total 8 columns):
 #   Column          Non-Null Count  Dtype         
---  ------          --------------  -----         
 0   date            3599 non-null   datetime64[ns]
 1   open_price      3599 non-null   object        
 2   high_price      3599 non-null   object        
 3   low_price       3599 non-null   object        
 4   close_price     3599 non-null   object        
 5   volume          3599 non-null   object        
 6   symbol          3599 non-null   object        
 7   ingestion_time  3599 non-null   datetime64[ns]
dtypes: datetime64[ns](2), object(6)
memory usage: 225.1+ KB

2024-06-04 15:44:45,938 ::DataConnectionModule-> root - INFO - Data created
2024-06-04 15:56:30,776 ::DataConnectionModule-> root - INFO - Data from the DataFrame has been uploaded to the aldykarinacp_coderhouse.stage_api_alphavantage table in Redshift.
2024-06-04 15:56:30,776 ::DataConnectionModule-> root - INFO - Data uploaded to -> aldykarinacp_coderhouse.stage_api_alphavantage
2024-06-04 15:56:30,776 ::DataConnectionModule-> root - INFO - Connection to Redshift closed.


2024-06-04 16:46:00,997 ::DataConnectionModule-> root - INFO - Connection created
2024-06-04 16:46:04,231 ::DataConnectionModule-> root - INFO - <class 'pandas.core.frame.DataFrame'>
RangeIndex: 300 entries, 0 to 299
Data columns (total 8 columns):
 #   Column          Non-Null Count  Dtype         
---  ------          --------------  -----         
 0   date            300 non-null    datetime64[ns]
 1   open_price      300 non-null    object        
 2   high_price      300 non-null    object        
 3   low_price       300 non-null    object        
 4   close_price     300 non-null    object        
 5   volume          300 non-null    object        
 6   symbol          300 non-null    object        
 7   ingestion_time  300 non-null    datetime64[ns]
dtypes: datetime64[ns](2), object(6)
memory usage: 18.9+ KB

2024-06-04 16:46:04,231 ::DataConnectionModule-> root - INFO - Data created
2024-06-04 16:47:02,803 ::DataConnectionModule-> root - INFO - Data from the DataFrame has been uploaded to the aldykarinacp_coderhouse.stage_api_alphavantage_daily table in Redshift.
2024-06-04 16:47:02,803 ::DataConnectionModule-> root - INFO - Data uploaded to -> aldykarinacp_coderhouse.stage_api_alphavantage_daily
2024-06-04 16:47:02,803 ::DataConnectionModule-> root - INFO - Connection to Redshift closed.


2024-06-15 20:21:34,428 ::DataConnectionModule-> root - INFO - Connection created
2024-06-15 20:21:36,982 ::DataConnectionModule-> root - INFO - <class 'pandas.core.frame.DataFrame'>
RangeIndex: 300 entries, 0 to 299
Data columns (total 9 columns):
 #   Column          Non-Null Count  Dtype         
---  ------          --------------  -----         
 0   ID              300 non-null    object        
 1   date            300 non-null    datetime64[ns]
 2   open_price      300 non-null    object        
 3   high_price      300 non-null    object        
 4   low_price       300 non-null    object        
 5   close_price     300 non-null    object        
 6   volume          300 non-null    object        
 7   symbol          300 non-null    object        
 8   ingestion_time  300 non-null    datetime64[ns]
dtypes: datetime64[ns](2), object(7)
memory usage: 21.2+ KB

2024-06-15 20:21:36,982 ::DataConnectionModule-> root - INFO - Data created
2024-06-15 20:22:32,456 ::DataConnectionModule-> root - INFO - Data from the DataFrame has been uploaded to the aldykarinacp_coderhouse.stage_api_alphavantage_daily table in Redshift.
2024-06-15 20:22:32,456 ::DataConnectionModule-> root - INFO - Data uploaded to -> aldykarinacp_coderhouse.stage_api_alphavantage_daily
2024-06-15 20:22:32,457 ::DataConnectionModule-> root - INFO - Connection to Redshift closed.
